<?xml version="1.0" encoding="UTF-8"?>
<!-- Generated by org.testng.reporters.JUnitReportReporter -->
<testsuite hostname="DHANOOPVJ" failures="0" tests="5" name="testPackage.Theghartestclass" time="197.341" errors="0" timestamp="2024-12-18T21:55:35 IST" skipped="0">
  <testcase classname="testPackage.Theghartestclass" name="testTitleVerification" time="6.149"/>
  <system-out/>
  <testcase classname="testPackage.Theghartestclass" name="testBrokenLinks" time="49.848"/>
  <system-out/>
  <testcase classname="testPackage.Theghartestclass" name="windowHandle" time="38.492"/>
  <system-out/>
  <testcase classname="testPackage.Theghartestclass" name="testScreenshot" time="8.636"/>
  <system-out/>
  <testcase classname="testPackage.Theghartestclass" name="testBookNow" time="94.216"/>
  <system-out/>
</testsuite> <!-- testPackage.Theghartestclass -->
